<?xml version="1.0" encoding="UTF-8"?>
<testng-results skipped="0" failed="0" total="1" passed="1">
  <reporter-output>
  </reporter-output>
  <suite name="Default suite" duration-ms="39" started-at="2022-11-18T05:20:17Z" finished-at="2022-11-18T05:20:17Z">
    <groups>
    </groups>
    <test name="Default test" duration-ms="39" started-at="2022-11-18T05:20:17Z" finished-at="2022-11-18T05:20:17Z">
      <class name="Test_JavaStream">
        <test-method status="PASS" signature="streamCollect()[pri:0, instance:Test_JavaStream@b62fe6d]" name="streamCollect" duration-ms="21" started-at="2022-11-17T23:20:17Z" finished-at="2022-11-17T23:20:17Z">
          <reporter-output>
          </reporter-output>
        </test-method> <!-- streamCollect -->
      </class> <!-- Test_JavaStream -->
    </test> <!-- Default test -->
  </suite> <!-- Default suite -->
</testng-results>
